<?xml version="1.0" ?>
<coverage version="6.2" timestamp="1642825030819" lines-valid="209" lines-covered="94" line-rate="0.4498" branches-covered="0" branches-valid="0" branch-rate="0" complexity="0">
	<!-- Generated by coverage.py: https://coverage.readthedocs.io -->
	<!-- Based on https://raw.githubusercontent.com/cobertura/web/master/htdocs/xml/coverage-04.dtd -->
	<sources>
		<source>C:\Users\elbon\Documents\DeepSource\versioner</source>
	</sources>
	<packages>
		<package name="." line-rate="0.3478" branch-rate="0" complexity="0">
			<classes>
				<class name="Constants.py" filename="Constants.py" complexity="0" line-rate="1" branch-rate="0">
					<methods/>
					<lines>
						<line number="2" hits="1"/>
						<line number="3" hits="1"/>
						<line number="4" hits="1"/>
						<line number="5" hits="1"/>
						<line number="36" hits="1"/>
					</lines>
				</class>
				<class name="Secrets.py" filename="Secrets.py" complexity="0" line-rate="1" branch-rate="0">
					<methods/>
					<lines>
						<line number="2" hits="1"/>
						<line number="3" hits="1"/>
					</lines>
				</class>
				<class name="helper.py" filename="helper.py" complexity="0" line-rate="0.6667" branch-rate="0">
					<methods/>
					<lines>
						<line number="1" hits="1"/>
						<line number="4" hits="1"/>
						<line number="11" hits="0"/>
						<line number="12" hits="0"/>
						<line number="13" hits="0"/>
						<line number="14" hits="0"/>
						<line number="17" hits="1"/>
						<line number="20" hits="1"/>
						<line number="21" hits="1"/>
						<line number="22" hits="1"/>
						<line number="23" hits="1"/>
						<line number="24" hits="1"/>
					</lines>
				</class>
				<class name="main.py" filename="main.py" complexity="0" line-rate="0.2773" branch-rate="0">
					<methods/>
					<lines>
						<line number="14" hits="1"/>
						<line number="15" hits="1"/>
						<line number="16" hits="1"/>
						<line number="17" hits="1"/>
						<line number="18" hits="1"/>
						<line number="19" hits="1"/>
						<line number="20" hits="1"/>
						<line number="21" hits="1"/>
						<line number="22" hits="1"/>
						<line number="23" hits="1"/>
						<line number="24" hits="1"/>
						<line number="25" hits="1"/>
						<line number="26" hits="1"/>
						<line number="28" hits="1"/>
						<line number="29" hits="1"/>
						<line number="32" hits="1"/>
						<line number="40" hits="0"/>
						<line number="41" hits="0"/>
						<line number="42" hits="0"/>
						<line number="44" hits="0"/>
						<line number="45" hits="0"/>
						<line number="46" hits="0"/>
						<line number="49" hits="1"/>
						<line number="61" hits="1"/>
						<line number="62" hits="1"/>
						<line number="63" hits="1"/>
						<line number="64" hits="1"/>
						<line number="66" hits="1"/>
						<line number="67" hits="0"/>
						<line number="68" hits="0"/>
						<line number="69" hits="0"/>
						<line number="71" hits="0"/>
						<line number="72" hits="0"/>
						<line number="73" hits="0"/>
						<line number="74" hits="0"/>
						<line number="75" hits="0"/>
						<line number="76" hits="0"/>
						<line number="77" hits="1"/>
						<line number="80" hits="1"/>
						<line number="94" hits="1"/>
						<line number="95" hits="1"/>
						<line number="96" hits="1"/>
						<line number="99" hits="1"/>
						<line number="102" hits="1"/>
						<line number="103" hits="1"/>
						<line number="104" hits="0"/>
						<line number="105" hits="0"/>
						<line number="106" hits="0"/>
						<line number="107" hits="0"/>
						<line number="108" hits="0"/>
						<line number="109" hits="0"/>
						<line number="110" hits="0"/>
						<line number="111" hits="0"/>
						<line number="112" hits="0"/>
						<line number="113" hits="0"/>
						<line number="114" hits="0"/>
						<line number="115" hits="0"/>
						<line number="117" hits="0"/>
						<line number="118" hits="0"/>
						<line number="119" hits="0"/>
						<line number="120" hits="0"/>
						<line number="121" hits="0"/>
						<line number="122" hits="0"/>
						<line number="123" hits="0"/>
						<line number="124" hits="0"/>
						<line number="126" hits="0"/>
						<line number="127" hits="0"/>
						<line number="128" hits="0"/>
						<line number="130" hits="0"/>
						<line number="131" hits="0"/>
						<line number="132" hits="0"/>
						<line number="133" hits="0"/>
						<line number="134" hits="0"/>
						<line number="135" hits="0"/>
						<line number="136" hits="0"/>
						<line number="137" hits="0"/>
						<line number="138" hits="0"/>
						<line number="142" hits="0"/>
						<line number="143" hits="0"/>
						<line number="145" hits="0"/>
						<line number="146" hits="0"/>
						<line number="147" hits="0"/>
						<line number="148" hits="0"/>
						<line number="149" hits="0"/>
						<line number="153" hits="0"/>
						<line number="154" hits="0"/>
						<line number="155" hits="0"/>
						<line number="156" hits="0"/>
						<line number="157" hits="0"/>
						<line number="158" hits="0"/>
						<line number="159" hits="0"/>
						<line number="166" hits="0"/>
						<line number="167" hits="0"/>
						<line number="168" hits="0"/>
						<line number="169" hits="0"/>
						<line number="170" hits="0"/>
						<line number="177" hits="0"/>
						<line number="178" hits="0"/>
						<line number="179" hits="0"/>
						<line number="180" hits="0"/>
						<line number="182" hits="0"/>
						<line number="183" hits="0"/>
						<line number="184" hits="0"/>
						<line number="189" hits="0"/>
						<line number="192" hits="1"/>
						<line number="204" hits="0"/>
						<line number="206" hits="0"/>
						<line number="207" hits="0"/>
						<line number="208" hits="0"/>
						<line number="211" hits="1"/>
						<line number="213" hits="0"/>
						<line number="214" hits="0"/>
						<line number="215" hits="0"/>
						<line number="216" hits="0"/>
						<line number="234" hits="0"/>
						<line number="235" hits="0"/>
						<line number="243" hits="1"/>
						<line number="244" hits="0"/>
						<line number="245" hits="0"/>
					</lines>
				</class>
			</classes>
		</package>
		<package name="db" line-rate="0.9375" branch-rate="0" complexity="0">
			<classes>
				<class name="ElasticWorker.py" filename="db/ElasticWorker.py" complexity="0" line-rate="0.9375" branch-rate="0">
					<methods/>
					<lines>
						<line number="1" hits="1"/>
						<line number="3" hits="1"/>
						<line number="4" hits="1"/>
						<line number="7" hits="1"/>
						<line number="9" hits="1"/>
						<line number="10" hits="1"/>
						<line number="14" hits="1"/>
						<line number="15" hits="1"/>
						<line number="16" hits="1"/>
						<line number="17" hits="1"/>
						<line number="18" hits="1"/>
						<line number="20" hits="0"/>
						<line number="21" hits="1"/>
						<line number="24" hits="1"/>
						<line number="26" hits="1"/>
						<line number="32" hits="1"/>
					</lines>
				</class>
			</classes>
		</package>
		<package name="tests" line-rate="1" branch-rate="0" complexity="0">
			<classes>
				<class name="test_main.py" filename="tests/test_main.py" complexity="0" line-rate="1" branch-rate="0">
					<methods/>
					<lines>
						<line number="1" hits="1"/>
						<line number="2" hits="1"/>
						<line number="4" hits="1"/>
						<line number="7" hits="1"/>
						<line number="8" hits="1"/>
						<line number="11" hits="1"/>
						<line number="12" hits="1"/>
						<line number="19" hits="1"/>
						<line number="20" hits="1"/>
						<line number="26" hits="1"/>
						<line number="27" hits="1"/>
						<line number="33" hits="1"/>
						<line number="34" hits="1"/>
						<line number="35" hits="1"/>
						<line number="36" hits="1"/>
						<line number="39" hits="1"/>
						<line number="40" hits="1"/>
						<line number="46" hits="1"/>
						<line number="47" hits="1"/>
						<line number="48" hits="1"/>
						<line number="49" hits="1"/>
					</lines>
				</class>
			</classes>
		</package>
		<package name="vcs" line-rate="0.2941" branch-rate="0" complexity="0">
			<classes>
				<class name="GithubWorker.py" filename="vcs/GithubWorker.py" complexity="0" line-rate="0.2941" branch-rate="0">
					<methods/>
					<lines>
						<line number="1" hits="1"/>
						<line number="2" hits="1"/>
						<line number="3" hits="1"/>
						<line number="4" hits="1"/>
						<line number="5" hits="1"/>
						<line number="6" hits="1"/>
						<line number="7" hits="1"/>
						<line number="8" hits="1"/>
						<line number="10" hits="1"/>
						<line number="13" hits="1"/>
						<line number="15" hits="0"/>
						<line number="16" hits="0"/>
						<line number="17" hits="0"/>
						<line number="18" hits="0"/>
						<line number="19" hits="0"/>
						<line number="24" hits="0"/>
						<line number="25" hits="0"/>
						<line number="26" hits="0"/>
						<line number="27" hits="0"/>
						<line number="28" hits="0"/>
						<line number="33" hits="0"/>
						<line number="34" hits="0"/>
						<line number="35" hits="0"/>
						<line number="36" hits="0"/>
						<line number="37" hits="0"/>
						<line number="38" hits="0"/>
						<line number="39" hits="0"/>
						<line number="41" hits="0"/>
						<line number="42" hits="0"/>
						<line number="43" hits="0"/>
						<line number="44" hits="0"/>
						<line number="45" hits="0"/>
						<line number="46" hits="0"/>
						<line number="47" hits="0"/>
					</lines>
				</class>
			</classes>
		</package>
	</packages>
</coverage>
